<?xml version="1.0" encoding="UTF-8"?>
<!-- Generated by org.testng.reporters.JUnitReportReporter -->
<testsuite hostname="Admin-PC" failures="0" tests="2" name="firstClass.firstClass" time="0.009" errors="0" timestamp="2025-04-01T23:58:40 GMT+07:00" skipped="0">
  <testcase classname="firstClass.firstClass" name="firstTest" time="0.007"/>
  <testcase classname="firstClass.firstClass" name="secondTest" time="0.002"/>
</testsuite> <!-- firstClass.firstClass -->
