<?xml version="1.0" encoding="UTF-8"?>
<!-- Generated by org.testng.reporters.JUnitReportReporter -->
<testsuite hostname="Admin-PC" failures="0" tests="1" name="TestCase.log_out" time="0.001" errors="0" timestamp="2025-04-08T21:41:54 GMT+07:00" skipped="0">
  <testcase classname="TestCase.log_out" name="Test_01" time="0.001"/>
</testsuite> <!-- TestCase.log_out -->
